<?xml version="1.0" encoding="UTF-8"?>
<testng-results skipped="0" failed="0" ignored="0" total="2" passed="2">
  <reporter-output>
  </reporter-output>
  <suite name="Suite" duration-ms="10185" started-at="2023-08-27T14:04:27 IST" finished-at="2023-08-27T14:04:37 IST">
    <groups>
    </groups>
    <test name="Test" duration-ms="10185" started-at="2023-08-27T14:04:27 IST" finished-at="2023-08-27T14:04:37 IST">
      <class name="testCases.TC_001_AccountRegistrationTest">
        <test-method status="PASS" signature="setup(java.lang.String)[pri:0, instance:testCases.TC_001_AccountRegistrationTest@1d8d30f7]" name="setup" is-config="true" duration-ms="4450" started-at="2023-08-27T14:04:27 IST" finished-at="2023-08-27T14:04:32 IST">
          <params>
            <param index="0">
              <value>
                <![CDATA[chrome]]>
              </value>
            </param>
          </params>
          <reporter-output>
          </reporter-output>
        </test-method> <!-- setup -->
        <test-method status="PASS" signature="test_account_Registration()[pri:0, instance:testCases.TC_001_AccountRegistrationTest@1d8d30f7]" name="test_account_Registration" duration-ms="3145" started-at="2023-08-27T14:04:32 IST" finished-at="2023-08-27T14:04:35 IST">
          <reporter-output>
          </reporter-output>
        </test-method> <!-- test_account_Registration -->
        <test-method status="PASS" signature="Teardown()[pri:0, instance:testCases.TC_001_AccountRegistrationTest@1d8d30f7]" name="Teardown" is-config="true" duration-ms="97" started-at="2023-08-27T14:04:35 IST" finished-at="2023-08-27T14:04:35 IST">
          <reporter-output>
          </reporter-output>
        </test-method> <!-- Teardown -->
      </class> <!-- testCases.TC_001_AccountRegistrationTest -->
      <class name="testCases.TC_002_LoginTest">
        <test-method status="PASS" signature="setup(java.lang.String)[pri:0, instance:testCases.TC_002_LoginTest@3e57cd70]" name="setup" is-config="true" duration-ms="1488" started-at="2023-08-27T14:04:35 IST" finished-at="2023-08-27T14:04:36 IST">
          <params>
            <param index="0">
              <value>
                <![CDATA[chrome]]>
              </value>
            </param>
          </params>
          <reporter-output>
          </reporter-output>
        </test-method> <!-- setup -->
        <test-method status="PASS" signature="test_Login_Page()[pri:0, instance:testCases.TC_002_LoginTest@3e57cd70]" name="test_Login_Page" duration-ms="708" started-at="2023-08-27T14:04:36 IST" finished-at="2023-08-27T14:04:37 IST">
          <reporter-output>
          </reporter-output>
        </test-method> <!-- test_Login_Page -->
        <test-method status="PASS" signature="Teardown()[pri:0, instance:testCases.TC_002_LoginTest@3e57cd70]" name="Teardown" is-config="true" duration-ms="105" started-at="2023-08-27T14:04:37 IST" finished-at="2023-08-27T14:04:37 IST">
          <reporter-output>
          </reporter-output>
        </test-method> <!-- Teardown -->
      </class> <!-- testCases.TC_002_LoginTest -->
    </test> <!-- Test -->
  </suite> <!-- Suite -->
</testng-results>
